<?xml version="1.0" encoding="UTF-8"?>
<!-- Generated by org.testng.reporters.JUnitReportReporter -->
<testsuite hostname="Ruby" failures="0" tests="9" name="testpkg.AdoreTest" time="46.282" errors="0" timestamp="2024-05-30T19:18:30 IST" skipped="0">
  <testcase classname="testpkg.AdoreTest" name="signInTest" time="20.127"/>
  <testcase classname="testpkg.AdoreTest" name="logoVerification" time="0.101"/>
  <testcase classname="testpkg.AdoreTest" name="searchTest" time="2.511"/>
  <testcase classname="testpkg.AdoreTest" name="wishlistTest" time="8.161"/>
  <testcase classname="testpkg.AdoreTest" name="menulist" time="10.433"/>
  <testcase classname="testpkg.AdoreTest" name="linkCountTest" time="2.220"/>
  <testcase classname="testpkg.AdoreTest" name="menuDisplay" time="0.634"/>
  <testcase classname="testpkg.AdoreTest" name="pageScrnsht" time="1.933"/>
  <testcase classname="testpkg.AdoreTest" name="logoScreenshot" time="0.162"/>
</testsuite> <!-- testpkg.AdoreTest -->
